#
# There is insufficient memory for the Java Runtime Environment to continue.
# Native memory allocation (mmap) failed to map 1048576 bytes for G1 virtual space
# Possible reasons:
#   The system is out of physical RAM or swap space
#   The process is running with CompressedOops enabled, and the Java Heap may be blocking the growth of the native heap
# Possible solutions:
#   Reduce memory load on the system
#   Increase physical memory or swap space
#   Check if swap backing store is full
#   Decrease Java heap size (-Xmx/-Xms)
#   Decrease number of Java threads
#   Decrease Java thread stack sizes (-Xss)
#   Set larger code cache with -XX:ReservedCodeCacheSize=
#   JVM is running with Unscaled Compressed Oops mode in which the Java heap is
#     placed in the first 4GB address space. The Java Heap base address is the
#     maximum limit for the native heap growth. Please use -XX:HeapBaseMinAddress
#     to set the Java Heap base and to place the Java Heap above 4GB virtual address.
# This output file may be truncated or incomplete.
#
#  Out of Memory Error (os_windows.cpp:3550), pid=7424, tid=1856
#
# JRE version:  (17.0.7+8) (build )
# Java VM: Java HotSpot(TM) 64-Bit Server VM (17.0.7+8-LTS-224, mixed mode, sharing, tiered, compressed oops, compressed class ptrs, g1 gc, windows-amd64)
# No core dump will be written. Minidumps are not enabled by default on client versions of Windows
#

---------------  S U M M A R Y ------------

Command Line: -Xmx64m -Xms64m -Dorg.gradle.appname=gradlew org.gradle.wrapper.GradleWrapperMain run

Host: AMD E2-2000 APU with Radeon(tm) HD Graphics, 2 cores, 3G,  Windows 8.1 , 64 bit Build 9600 (6.3.9600.17415)
Time: Fri Jun  2 15:02:00 2023 China Standard Time elapsed time: 0.051802 seconds (0d 0h 0m 0s)

---------------  T H R E A D  ---------------

Current thread (0x0000002efaad6900):  JavaThread "Unknown thread" [_thread_in_vm, id=1856, stack(0x0000002efa180000,0x0000002efa280000)]

Stack: [0x0000002efa180000,0x0000002efa280000]
Native frames: (J=compiled Java code, j=interpreted, Vv=VM code, C=native code)
V  [jvm.dll+0x676a4a]
V  [jvm.dll+0x7d74f4]
V  [jvm.dll+0x7d8c9e]
V  [jvm.dll+0x7d9303]
V  [jvm.dll+0x2452c5]
V  [jvm.dll+0x6738f9]
V  [jvm.dll+0x668232]
V  [jvm.dll+0x302826]
V  [jvm.dll+0x309da6]
V  [jvm.dll+0x359543]
V  [jvm.dll+0x35975f]
V  [jvm.dll+0x2d9a38]
V  [jvm.dll+0x2da9a4]
V  [jvm.dll+0x7a8fb1]
V  [jvm.dll+0x3670e1]
V  [jvm.dll+0x788359]
V  [jvm.dll+0x3ea5ef]
V  [jvm.dll+0x3ec071]
C  [jli.dll+0x5297]
C  [ucrtbase.DLL+0x214c2]
C  [KERNEL32.DLL+0x13d2]
C  [ntdll.dll+0x154f4]


---------------  P R O C E S S  ---------------

Threads class SMR info:
_java_thread_list=0x00007ff839614998, length=0, elements={
}

Java Threads: ( => current thread )

Other Threads:
  0x0000002efaaf4f90 GCTaskThread "GC Thread#0" [stack: 0x0000002efa920000,0x0000002efaa20000] [id=4100]
  0x0000002efaaf66d0 ConcurrentGCThread "G1 Main Marker" [stack: 0x0000002efab80000,0x0000002efac80000] [id=8184]
  0x0000002efaaf8160 ConcurrentGCThread "G1 Conc#0" [stack: 0x0000002efac80000,0x0000002efad80000] [id=7144]

[error occurred during error reporting (printing all threads), id 0xc0000005, EXCEPTION_ACCESS_VIOLATION (0xc0000005) at pc=0x00007ff838e4a697]

VM state: not at safepoint (not fully initialized)

VM Mutex/Monitor currently owned by a thread:  ([mutex/lock_event])
[0x0000002efaad33e0] Heap_lock - owner thread: 0x0000002efaad6900

Heap address: 0x00000000fc000000, size: 64 MB, Compressed Oops mode: 32-bit

CDS archive(s) mapped at: [0x0000000000000000-0x0000000000000000-0x0000000000000000), size 0, SharedBaseAddress: 0x0000000800000000, ArchiveRelocationMode: 0.
Narrow klass base: 0x0000000000000000, Narrow klass shift: 0, Narrow klass range: 0x0

GC Precious Log:
<Empty>

Heap:
 garbage-first heap   total 0K, used 0K [0x00000000fc000000, 0x0000000100000000)
  region size 1024K, 0 young (0K), 0 survivors (0K)

[error occurred during error reporting (printing heap information), id 0xc0000005, EXCEPTION_ACCESS_VIOLATION (0xc0000005) at pc=0x00007ff8392300b9]

GC Heap History (0 events):
No events

Deoptimization events (0 events):
No events

Classes unloaded (0 events):
No events

Classes redefined (0 events):
No events

Internal exceptions (0 events):
No events

VM Operations (0 events):
No events

Events (1 events):
Event: 0.028 Loaded shared library C:\Users\User\Downloads\jdk-17_windows-x64_bin\jdk-17.0.7\bin\java.dll


Dynamic libraries:
0x00007ff789640000 - 0x00007ff789650000 	C:\Users\User\Downloads\jdk-17_windows-x64_bin\jdk-17.0.7\bin\java.exe
0x00007ff86e4e0000 - 0x00007ff86e68d000 	C:\Windows\SYSTEM32\ntdll.dll
0x00007ff86e180000 - 0x00007ff86e2be000 	C:\Windows\system32\KERNEL32.DLL
0x00007ff86ba40000 - 0x00007ff86bb56000 	C:\Windows\system32\KERNELBASE.dll
0x00007ff85b430000 - 0x00007ff85b449000 	C:\Users\User\Downloads\jdk-17_windows-x64_bin\jdk-17.0.7\bin\jli.dll
0x00007ff8537d0000 - 0x00007ff8537eb000 	C:\Users\User\Downloads\jdk-17_windows-x64_bin\jdk-17.0.7\bin\VCRUNTIME140.dll
0x00007ff85c7a0000 - 0x00007ff85c7a4000 	C:\Users\User\Downloads\jdk-17_windows-x64_bin\jdk-17.0.7\bin\api-ms-win-crt-stdio-l1-1-0.dll
0x00007ff85b4f0000 - 0x00007ff85b4f4000 	C:\Users\User\Downloads\jdk-17_windows-x64_bin\jdk-17.0.7\bin\api-ms-win-crt-runtime-l1-1-0.dll
0x00007ff8533c0000 - 0x00007ff8533c3000 	C:\Users\User\Downloads\jdk-17_windows-x64_bin\jdk-17.0.7\bin\api-ms-win-crt-environment-l1-1-0.dll
0x00007ff853100000 - 0x00007ff853105000 	C:\Users\User\Downloads\jdk-17_windows-x64_bin\jdk-17.0.7\bin\api-ms-win-crt-math-l1-1-0.dll
0x00007ff852fa0000 - 0x00007ff852fa3000 	C:\Users\User\Downloads\jdk-17_windows-x64_bin\jdk-17.0.7\bin\api-ms-win-crt-locale-l1-1-0.dll
0x00007ff852d20000 - 0x00007ff852d23000 	C:\Users\User\Downloads\jdk-17_windows-x64_bin\jdk-17.0.7\bin\api-ms-win-crt-heap-l1-1-0.dll
0x00007ff86d660000 - 0x00007ff86d70a000 	C:\Windows\system32\ADVAPI32.dll
0x00007ff8696f0000 - 0x00007ff86996b000 	C:\Windows\WinSxS\amd64_microsoft.windows.common-controls_6595b64144ccf1df_6.0.9600.18006_none_623f33d3ecbe86e8\COMCTL32.dll
0x00007ff86e000000 - 0x00007ff86e177000 	C:\Windows\system32\USER32.dll
0x00007ff869000000 - 0x00007ff86900a000 	C:\Windows\SYSTEM32\VERSION.dll
0x00007ff852cc0000 - 0x00007ff852cc3000 	C:\Users\User\Downloads\jdk-17_windows-x64_bin\jdk-17.0.7\bin\api-ms-win-crt-filesystem-l1-1-0.dll
0x00007ff852cb0000 - 0x00007ff852cb4000 	C:\Users\User\Downloads\jdk-17_windows-x64_bin\jdk-17.0.7\bin\api-ms-win-crt-string-l1-1-0.dll
0x00007ff852ca0000 - 0x00007ff852ca4000 	C:\Users\User\Downloads\jdk-17_windows-x64_bin\jdk-17.0.7\bin\api-ms-win-crt-convert-l1-1-0.dll
0x00007ff86dd80000 - 0x00007ff86de2a000 	C:\Windows\system32\msvcrt.dll
0x00007ff86bcb0000 - 0x00007ff86bd09000 	C:\Windows\SYSTEM32\sechost.dll
0x00007ff86d770000 - 0x00007ff86d8b0000 	C:\Windows\system32\RPCRT4.dll
0x00007ff86bd10000 - 0x00007ff86be5c000 	C:\Windows\system32\GDI32.dll
0x00007ff84e220000 - 0x00007ff84e320000 	C:\Users\User\Downloads\jdk-17_windows-x64_bin\jdk-17.0.7\bin\ucrtbase.DLL
0x00007ff86b6d0000 - 0x00007ff86b6fe000 	C:\Windows\system32\SspiCli.dll
0x00007ff86be60000 - 0x00007ff86be96000 	C:\Windows\system32\IMM32.DLL
0x00007ff86dbb0000 - 0x00007ff86dd01000 	C:\Windows\system32\MSCTF.dll
0x00007ff852b50000 - 0x00007ff852b5c000 	C:\Users\User\Downloads\jdk-17_windows-x64_bin\jdk-17.0.7\bin\vcruntime140_1.dll
0x00007ff84e360000 - 0x00007ff84e3ee000 	C:\Users\User\Downloads\jdk-17_windows-x64_bin\jdk-17.0.7\bin\msvcp140.dll
0x00007ff852b40000 - 0x00007ff852b43000 	C:\Users\User\Downloads\jdk-17_windows-x64_bin\jdk-17.0.7\bin\api-ms-win-crt-time-l1-1-0.dll
0x00007ff8508c0000 - 0x00007ff8508c3000 	C:\Users\User\Downloads\jdk-17_windows-x64_bin\jdk-17.0.7\bin\api-ms-win-crt-utility-l1-1-0.dll
0x00007ff838b60000 - 0x00007ff83973d000 	C:\Users\User\Downloads\jdk-17_windows-x64_bin\jdk-17.0.7\bin\server\jvm.dll
0x00007ff850890000 - 0x00007ff850899000 	C:\Windows\SYSTEM32\WSOCK32.dll
0x00007ff85d840000 - 0x00007ff85d862000 	C:\Windows\SYSTEM32\WINMM.dll
0x00007ff86de30000 - 0x00007ff86de37000 	C:\Windows\system32\PSAPI.DLL
0x00007ff86d8b0000 - 0x00007ff86d90a000 	C:\Windows\system32\WS2_32.dll
0x00007ff85d000000 - 0x00007ff85d02a000 	C:\Windows\SYSTEM32\WINMMBASE.dll
0x00007ff86bb60000 - 0x00007ff86bb69000 	C:\Windows\system32\NSI.dll
0x00007ff86b940000 - 0x00007ff86b98f000 	C:\Windows\SYSTEM32\cfgmgr32.dll
0x00007ff86a420000 - 0x00007ff86a448000 	C:\Windows\SYSTEM32\DEVOBJ.dll
0x00007ff8508b0000 - 0x00007ff8508ba000 	C:\Users\User\Downloads\jdk-17_windows-x64_bin\jdk-17.0.7\bin\jimage.dll
0x00007ff85d4e0000 - 0x00007ff85d669000 	C:\Windows\SYSTEM32\DBGHELP.DLL
0x00007ff84fe10000 - 0x00007ff84fe35000 	C:\Users\User\Downloads\jdk-17_windows-x64_bin\jdk-17.0.7\bin\java.dll

dbghelp: loaded successfully - version: 4.0.5 - missing functions: none
symbol engine: initialized successfully - sym options: 0x614 - pdb path: .;C:\Users\User\Downloads\jdk-17_windows-x64_bin\jdk-17.0.7\bin;C:\Windows\SYSTEM32;C:\Windows\WinSxS\amd64_microsoft.windows.common-controls_6595b64144ccf1df_6.0.9600.18006_none_623f33d3ecbe86e8;C:\Users\User\Downloads\jdk-17_windows-x64_bin\jdk-17.0.7\bin\server

VM Arguments:
jvm_args: -Xmx64m -Xms64m -Dorg.gradle.appname=gradlew 
java_command: org.gradle.wrapper.GradleWrapperMain run
java_class_path (initial): D:\projek\Foodiego-App\AplikasiShop\\gradle\wrapper\gradle-wrapper.jar
Launcher Type: SUN_STANDARD

[Global flags]
     intx CICompilerCount                          = 2                                         {product} {ergonomic}
     uint ConcGCThreads                            = 1                                         {product} {ergonomic}
     uint G1ConcRefinementThreads                  = 2                                         {product} {ergonomic}
   size_t G1HeapRegionSize                         = 1048576                                   {product} {ergonomic}
    uintx GCDrainStackTargetSize                   = 64                                        {product} {ergonomic}
   size_t InitialHeapSize                          = 67108864                                  {product} {command line}
   size_t MarkStackSize                            = 4194304                                   {product} {ergonomic}
   size_t MaxHeapSize                              = 67108864                                  {product} {command line}
   size_t MinHeapDeltaBytes                        = 1048576                                   {product} {ergonomic}
   size_t MinHeapSize                              = 67108864                                  {product} {command line}
    uintx NonNMethodCodeHeapSize                   = 5826188                                {pd product} {ergonomic}
    uintx NonProfiledCodeHeapSize                  = 122916026                              {pd product} {ergonomic}
    uintx ProfiledCodeHeapSize                     = 122916026                              {pd product} {ergonomic}
    uintx ReservedCodeCacheSize                    = 251658240                              {pd product} {ergonomic}
     bool SegmentedCodeCache                       = true                                      {product} {ergonomic}
   size_t SoftMaxHeapSize                          = 67108864                               {manageable} {ergonomic}
     bool UseCompressedClassPointers               = true                           {product lp64_product} {ergonomic}
     bool UseCompressedOops                        = true                           {product lp64_product} {ergonomic}
     bool UseG1GC                                  = true                                      {product} {ergonomic}
     bool UseLargePagesIndividualAllocation        = false                                  {pd product} {ergonomic}

Logging:
Log output configuration:
 #0: stdout all=warning uptime,level,tags
 #1: stderr all=off uptime,level,tags

Environment Variables:
JAVA_HOME=C:\Users\User\Downloads\jdk-17_windows-x64_bin\jdk-17.0.7
CLASSPATH=D:\projek\Foodiego-App\AplikasiShop\\gradle\wrapper\gradle-wrapper.jar
PATH=C:\Program Files\Common Files\Oracle\Java\javapath;C:\Windows\system32;C:\Windows;C:\Windows\System32\Wbem;C:\Windows\System32\WindowsPowerShell\v1.0\;C:\Program Files\Acer\Remote Files\;C:\Program Files (x86)\ATI Technologies\ATI.ACE\Core-Static;C:\Program Files\Git\cmd;C:\Gradel\gradle-8.1.1-bin\gradle-8.1.1\bin;C:\Users\User\AppData\Local\Programs\Python\Python311\Scripts\;C:\Users\User\AppData\Local\Programs\Python\Python311\;C:\Users\User\AppData\Local\Programs\Microsoft VS Code\bin
USERNAME=User
LANG=en_US.UTF-8
OS=Windows_NT
PROCESSOR_IDENTIFIER=AMD64 Family 20 Model 2 Stepping 0, AuthenticAMD



---------------  S Y S T E M  ---------------

OS:
 Windows 8.1 , 64 bit Build 9600 (6.3.9600.17415)
OS uptime: 6 days 17:24 hours

CPU: total 2 (initial active 2) (2 cores per cpu, 1 threads per core) family 20 model 2 stepping 0 microcode 0x5000119, cx8, cmov, fxsr, mmx, 3dnowpref, sse, sse2, sse3, ssse3, sse4a, popcnt, lzcnt, tsc, tscinvbit, clflush

Memory: 4k page, system-wide physical 3670M (895M free)
TotalPageFile size 4694M (AvailPageFile size 5M)
current process WorkingSet (physical memory assigned to process): 9M, peak: 9M
current process commit charge ("private bytes"): 111M, peak: 112M

vm_info: Java HotSpot(TM) 64-Bit Server VM (17.0.7+8-LTS-224) for windows-amd64 JRE (17.0.7+8-LTS-224), built on Feb 28 2023 23:03:02 by "mach5one" with MS VC++ 17.1 (VS2022)

END.
