#
# There is insufficient memory for the Java Runtime Environment to continue.
# Native memory allocation (mmap) failed to map 65536 bytes for Failed to commit metaspace.
# Possible reasons:
#   The system is out of physical RAM or swap space
#   The process is running with CompressedOops enabled, and the Java Heap may be blocking the growth of the native heap
# Possible solutions:
#   Reduce memory load on the system
#   Increase physical memory or swap space
#   Check if swap backing store is full
#   Decrease Java heap size (-Xmx/-Xms)
#   Decrease number of Java threads
#   Decrease Java thread stack sizes (-Xss)
#   Set larger code cache with -XX:ReservedCodeCacheSize=
#   JVM is running with Unscaled Compressed Oops mode in which the Java heap is
#     placed in the first 4GB address space. The Java Heap base address is the
#     maximum limit for the native heap growth. Please use -XX:HeapBaseMinAddress
#     to set the Java Heap base and to place the Java Heap above 4GB virtual address.
# This output file may be truncated or incomplete.
#
#  Out of Memory Error (virtualSpaceNode.cpp:110), pid=8292, tid=5220
#
# JRE version: Java(TM) SE Runtime Environment (17.0.7+8) (build 17.0.7+8-LTS-224)
# Java VM: Java HotSpot(TM) 64-Bit Server VM (17.0.7+8-LTS-224, mixed mode, tiered, compressed oops, compressed class ptrs, g1 gc, windows-amd64)
# No core dump will be written. Minidumps are not enabled by default on client versions of Windows
#

---------------  S U M M A R Y ------------

Command Line: -Xmx64m -Xms64m -Dorg.gradle.appname=gradlew org.gradle.wrapper.GradleWrapperMain run

Host: AMD E2-2000 APU with Radeon(tm) HD Graphics, 2 cores, 3G,  Windows 8.1 , 64 bit Build 9600 (6.3.9600.17415)
Time: Fri Jun  2 15:03:24 2023 China Standard Time elapsed time: 4.951907 seconds (0d 0h 0m 4s)

---------------  T H R E A D  ---------------

Current thread (0x00000047506c6900):  JavaThread "main" [_thread_in_vm, id=5220, stack(0x000000474fd70000,0x000000474fe70000)]

Stack: [0x000000474fd70000,0x000000474fe70000]
Native frames: (J=compiled Java code, j=interpreted, Vv=VM code, C=native code)
V  [jvm.dll+0x676a4a]
V  [jvm.dll+0x7d74f4]
V  [jvm.dll+0x7d8c9e]
V  [jvm.dll+0x7d9303]
V  [jvm.dll+0x2452c5]
V  [jvm.dll+0x7d35fb]
V  [jvm.dll+0x61ca36]
V  [jvm.dll+0x1bfbf7]
V  [jvm.dll+0x61f390]
V  [jvm.dll+0x61d3f6]
V  [jvm.dll+0x23ae21]
V  [jvm.dll+0x1ea127]
V  [jvm.dll+0x1dfdc1]
V  [jvm.dll+0x53cf0c]
V  [jvm.dll+0x752158]
V  [jvm.dll+0x752244]
V  [jvm.dll+0x40b12f]
V  [jvm.dll+0x411149]
C  [java.dll+0x17ec]

Java frames: (J=compiled Java code, j=interpreted, Vv=VM code)
j  java.lang.ClassLoader.defineClass1(Ljava/lang/ClassLoader;Ljava/lang/String;[BIILjava/security/ProtectionDomain;Ljava/lang/String;)Ljava/lang/Class;+0 java.base@17.0.7
j  java.lang.ClassLoader.defineClass(Ljava/lang/String;[BIILjava/security/ProtectionDomain;)Ljava/lang/Class;+27 java.base@17.0.7
j  java.security.SecureClassLoader.defineClass(Ljava/lang/String;[BIILjava/security/CodeSource;)Ljava/lang/Class;+12 java.base@17.0.7
j  java.net.URLClassLoader.defineClass(Ljava/lang/String;Ljdk/internal/loader/Resource;)Ljava/lang/Class;+220 java.base@17.0.7
j  java.net.URLClassLoader$1.run()Ljava/lang/Class;+43 java.base@17.0.7
j  java.net.URLClassLoader$1.run()Ljava/lang/Object;+1 java.base@17.0.7
J 623 c1 java.security.AccessController.doPrivileged(Ljava/security/PrivilegedExceptionAction;Ljava/security/AccessControlContext;)Ljava/lang/Object; java.base@17.0.7 (26 bytes) @ 0x00000047580221f4 [0x0000004758022020+0x00000000000001d4]
j  java.net.URLClassLoader.findClass(Ljava/lang/String;)Ljava/lang/Class;+13 java.base@17.0.7
J 605 c1 java.lang.ClassLoader.loadClass(Ljava/lang/String;Z)Ljava/lang/Class; java.base@17.0.7 (121 bytes) @ 0x0000004758019adc [0x0000004758019540+0x000000000000059c]
J 585 c1 java.lang.ClassLoader.loadClass(Ljava/lang/String;)Ljava/lang/Class; java.base@17.0.7 (7 bytes) @ 0x000000475800febc [0x000000475800fdc0+0x00000000000000fc]
v  ~StubRoutines::call_stub
j  org.gradle.internal.logging.DefaultLoggingConfiguration.<init>()V+12
j  org.gradle.launcher.bootstrap.EntryPoint.createErrorHandler()Lorg/gradle/api/Action;+4
j  org.gradle.launcher.bootstrap.EntryPoint.run([Ljava/lang/String;)V+20
v  ~StubRoutines::call_stub
j  jdk.internal.reflect.NativeMethodAccessorImpl.invoke0(Ljava/lang/reflect/Method;Ljava/lang/Object;[Ljava/lang/Object;)Ljava/lang/Object;+0 java.base@17.0.7
j  jdk.internal.reflect.NativeMethodAccessorImpl.invoke(Ljava/lang/Object;[Ljava/lang/Object;)Ljava/lang/Object;+133 java.base@17.0.7
j  jdk.internal.reflect.DelegatingMethodAccessorImpl.invoke(Ljava/lang/Object;[Ljava/lang/Object;)Ljava/lang/Object;+6 java.base@17.0.7
j  java.lang.reflect.Method.invoke(Ljava/lang/Object;[Ljava/lang/Object;)Ljava/lang/Object;+59 java.base@17.0.7
j  org.gradle.launcher.bootstrap.ProcessBootstrap.runNoExit(Ljava/lang/String;[Ljava/lang/String;)V+159
j  org.gradle.launcher.bootstrap.ProcessBootstrap.run(Ljava/lang/String;[Ljava/lang/String;)V+2
v  ~StubRoutines::call_stub
j  jdk.internal.reflect.NativeMethodAccessorImpl.invoke0(Ljava/lang/reflect/Method;Ljava/lang/Object;[Ljava/lang/Object;)Ljava/lang/Object;+0 java.base@17.0.7
j  jdk.internal.reflect.NativeMethodAccessorImpl.invoke(Ljava/lang/Object;[Ljava/lang/Object;)Ljava/lang/Object;+133 java.base@17.0.7
j  jdk.internal.reflect.DelegatingMethodAccessorImpl.invoke(Ljava/lang/Object;[Ljava/lang/Object;)Ljava/lang/Object;+6 java.base@17.0.7
j  java.lang.reflect.Method.invoke(Ljava/lang/Object;[Ljava/lang/Object;)Ljava/lang/Object;+59 java.base@17.0.7
j  org.gradle.launcher.GradleMain.main([Ljava/lang/String;)V+100
v  ~StubRoutines::call_stub
j  jdk.internal.reflect.NativeMethodAccessorImpl.invoke0(Ljava/lang/reflect/Method;Ljava/lang/Object;[Ljava/lang/Object;)Ljava/lang/Object;+0 java.base@17.0.7
j  jdk.internal.reflect.NativeMethodAccessorImpl.invoke(Ljava/lang/Object;[Ljava/lang/Object;)Ljava/lang/Object;+133 java.base@17.0.7
j  jdk.internal.reflect.DelegatingMethodAccessorImpl.invoke(Ljava/lang/Object;[Ljava/lang/Object;)Ljava/lang/Object;+6 java.base@17.0.7
j  java.lang.reflect.Method.invoke(Ljava/lang/Object;[Ljava/lang/Object;)Ljava/lang/Object;+59 java.base@17.0.7
j  org.gradle.wrapper.BootstrapMainStarter.start([Ljava/lang/String;Ljava/io/File;)V+105
j  org.gradle.wrapper.WrapperExecutor.execute([Ljava/lang/String;Lorg/gradle/wrapper/Install;Lorg/gradle/wrapper/BootstrapMainStarter;)V+14
j  org.gradle.wrapper.GradleWrapperMain.main([Ljava/lang/String;)V+206
v  ~StubRoutines::call_stub

---------------  P R O C E S S  ---------------

Threads class SMR info:
_java_thread_list=0x0000004701630360, length=12, elements={
0x00000047506c6900, 0x0000004700189020, 0x0000004700189da0, 0x00000047001756c0,
0x00000047001763d0, 0x00000047001b50f0, 0x00000047001b7bb0, 0x00000047001d6d60,
0x00000047001d7660, 0x00000047001e2b80, 0x000000470162bab0, 0x000000470163e010
}

Java Threads: ( => current thread )
=>0x00000047506c6900 JavaThread "main" [_thread_in_vm, id=5220, stack(0x000000474fd70000,0x000000474fe70000)]
  0x0000004700189020 JavaThread "Reference Handler" daemon [_thread_blocked, id=8044, stack(0x0000004700300000,0x0000004700400000)]
  0x0000004700189da0 JavaThread "Finalizer" daemon [_thread_blocked, id=2876, stack(0x0000004700c00000,0x0000004700d00000)]
  0x00000047001756c0 JavaThread "Signal Dispatcher" daemon [_thread_blocked, id=6140, stack(0x0000004700df0000,0x0000004700ef0000)]
  0x00000047001763d0 JavaThread "Attach Listener" daemon [_thread_blocked, id=6524, stack(0x0000004700ef0000,0x0000004700ff0000)]
  0x00000047001b50f0 JavaThread "Service Thread" daemon [_thread_blocked, id=8836, stack(0x0000004700ff0000,0x00000047010f0000)]
  0x00000047001b7bb0 JavaThread "Monitor Deflation Thread" daemon [_thread_blocked, id=6332, stack(0x00000047010f0000,0x00000047011f0000)]
  0x00000047001d6d60 JavaThread "C2 CompilerThread0" daemon [_thread_blocked, id=3380, stack(0x00000047011f0000,0x00000047012f0000)]
  0x00000047001d7660 JavaThread "C1 CompilerThread0" daemon [_thread_blocked, id=8564, stack(0x00000047012f0000,0x00000047013f0000)]
  0x00000047001e2b80 JavaThread "Sweeper thread" daemon [_thread_blocked, id=4660, stack(0x00000047013f0000,0x00000047014f0000)]
  0x000000470162bab0 JavaThread "Notification Thread" daemon [_thread_blocked, id=7064, stack(0x00000047018f0000,0x00000047019f0000)]
  0x000000470163e010 JavaThread "Common-Cleaner" daemon [_thread_blocked, id=2784, stack(0x0000004701af0000,0x0000004701bf0000)]

Other Threads:
  0x000000475075d830 VMThread "VM Thread" [stack: 0x0000004700200000,0x0000004700300000] [id=3540]
  0x00000047506ef3b0 WatcherThread [stack: 0x00000047019f0000,0x0000004701af0000] [id=7552]
  0x00000047506e4f90 GCTaskThread "GC Thread#0" [stack: 0x0000004750490000,0x0000004750590000] [id=9156]
  0x0000004701857f00 GCTaskThread "GC Thread#1" [stack: 0x00000047023f0000,0x00000047024f0000] [id=4844]
  0x00000047506e66d0 ConcurrentGCThread "G1 Main Marker" [stack: 0x0000004766f20000,0x0000004767020000] [id=4604]
  0x00000047506e8160 ConcurrentGCThread "G1 Conc#0" [stack: 0x0000004767020000,0x0000004767120000] [id=3216]
  0x0000004750735020 ConcurrentGCThread "G1 Refine#0" [stack: 0x0000004769340000,0x0000004769440000] [id=5732]
  0x0000004750735a40 ConcurrentGCThread "G1 Service" [stack: 0x0000004769440000,0x0000004769540000] [id=6908]

Threads with active compile tasks:

VM state: not at safepoint (normal execution)

VM Mutex/Monitor currently owned by a thread:  ([mutex/lock_event])
[0x000000474e61c050] Metaspace_lock - owner thread: 0x00000047506c6900

OutOfMemory and StackOverflow Exception counts:
OutOfMemoryError java_heap_errors=2
LinkageErrors=1

Heap address: 0x00000000fc000000, size: 64 MB, Compressed Oops mode: 32-bit

CDS archive(s) not mapped
Compressed class space mapped at: 0x0000000100000000-0x0000000140000000, reserved size: 1073741824
Narrow klass base: 0x0000000000000000, Narrow klass shift: 3, Narrow klass range: 0x140000000

GC Precious Log:
 CPUs: 2 total, 2 available
 Memory: 3670M
 Large Page Support: Disabled
 NUMA Support: Disabled
 Compressed Oops: Enabled (32-bit)
 Heap Region Size: 1M
 Heap Min Capacity: 64M
 Heap Initial Capacity: 64M
 Heap Max Capacity: 64M
 Pre-touch: Disabled
 Parallel Workers: 2
 Concurrent Workers: 1
 Concurrent Refinement Workers: 2
 Periodic GC: Disabled

Heap:
 garbage-first heap   total 65536K, used 3975K [0x00000000fc000000, 0x0000000100000000)
  region size 1024K, 5 young (5120K), 1 survivors (1024K)
 Metaspace       used 8300K, committed 8448K, reserved 1056768K
  class space    used 727K, committed 832K, reserved 1048576K

Heap Regions: E=young(eden), S=young(survivor), O=old, HS=humongous(starts), HC=humongous(continues), CS=collection set, F=free, OA=open archive, CA=closed archive, TAMS=top-at-mark-start (previous, next)
|   0|0x00000000fc000000, 0x00000000fc100000, 0x00000000fc100000|100%| O|  |TAMS 0x00000000fc000000, 0x00000000fc000000| Untracked 
|   1|0x00000000fc100000, 0x00000000fc1b6400, 0x00000000fc200000| 71%| O|  |TAMS 0x00000000fc100000, 0x00000000fc100000| Untracked 
|   2|0x00000000fc200000, 0x00000000fc200000, 0x00000000fc300000|  0%| F|  |TAMS 0x00000000fc200000, 0x00000000fc200000| Untracked 
|   3|0x00000000fc300000, 0x00000000fc300000, 0x00000000fc400000|  0%| F|  |TAMS 0x00000000fc300000, 0x00000000fc300000| Untracked 
|   4|0x00000000fc400000, 0x00000000fc400000, 0x00000000fc500000|  0%| F|  |TAMS 0x00000000fc400000, 0x00000000fc400000| Untracked 
|   5|0x00000000fc500000, 0x00000000fc500000, 0x00000000fc600000|  0%| F|  |TAMS 0x00000000fc500000, 0x00000000fc500000| Untracked 
|   6|0x00000000fc600000, 0x00000000fc600000, 0x00000000fc700000|  0%| F|  |TAMS 0x00000000fc600000, 0x00000000fc600000| Untracked 
|   7|0x00000000fc700000, 0x00000000fc700000, 0x00000000fc800000|  0%| F|  |TAMS 0x00000000fc700000, 0x00000000fc700000| Untracked 
|   8|0x00000000fc800000, 0x00000000fc800000, 0x00000000fc900000|  0%| F|  |TAMS 0x00000000fc800000, 0x00000000fc800000| Untracked 
|   9|0x00000000fc900000, 0x00000000fc900000, 0x00000000fca00000|  0%| F|  |TAMS 0x00000000fc900000, 0x00000000fc900000| Untracked 
|  10|0x00000000fca00000, 0x00000000fca00000, 0x00000000fcb00000|  0%| F|  |TAMS 0x00000000fca00000, 0x00000000fca00000| Untracked 
|  11|0x00000000fcb00000, 0x00000000fcb00000, 0x00000000fcc00000|  0%| F|  |TAMS 0x00000000fcb00000, 0x00000000fcb00000| Untracked 
|  12|0x00000000fcc00000, 0x00000000fcc00000, 0x00000000fcd00000|  0%| F|  |TAMS 0x00000000fcc00000, 0x00000000fcc00000| Untracked 
|  13|0x00000000fcd00000, 0x00000000fcd00000, 0x00000000fce00000|  0%| F|  |TAMS 0x00000000fcd00000, 0x00000000fcd00000| Untracked 
|  14|0x00000000fce00000, 0x00000000fce00000, 0x00000000fcf00000|  0%| F|  |TAMS 0x00000000fce00000, 0x00000000fce00000| Untracked 
|  15|0x00000000fcf00000, 0x00000000fcf00000, 0x00000000fd000000|  0%| F|  |TAMS 0x00000000fcf00000, 0x00000000fcf00000| Untracked 
|  16|0x00000000fd000000, 0x00000000fd000000, 0x00000000fd100000|  0%| F|  |TAMS 0x00000000fd000000, 0x00000000fd000000| Untracked 
|  17|0x00000000fd100000, 0x00000000fd100000, 0x00000000fd200000|  0%| F|  |TAMS 0x00000000fd100000, 0x00000000fd100000| Untracked 
|  18|0x00000000fd200000, 0x00000000fd200000, 0x00000000fd300000|  0%| F|  |TAMS 0x00000000fd200000, 0x00000000fd200000| Untracked 
|  19|0x00000000fd300000, 0x00000000fd300000, 0x00000000fd400000|  0%| F|  |TAMS 0x00000000fd300000, 0x00000000fd300000| Untracked 
|  20|0x00000000fd400000, 0x00000000fd400000, 0x00000000fd500000|  0%| F|  |TAMS 0x00000000fd400000, 0x00000000fd400000| Untracked 
|  21|0x00000000fd500000, 0x00000000fd500000, 0x00000000fd600000|  0%| F|  |TAMS 0x00000000fd500000, 0x00000000fd500000| Untracked 
|  22|0x00000000fd600000, 0x00000000fd600000, 0x00000000fd700000|  0%| F|  |TAMS 0x00000000fd600000, 0x00000000fd600000| Untracked 
|  23|0x00000000fd700000, 0x00000000fd700000, 0x00000000fd800000|  0%| F|  |TAMS 0x00000000fd700000, 0x00000000fd700000| Untracked 
|  24|0x00000000fd800000, 0x00000000fd800000, 0x00000000fd900000|  0%| F|  |TAMS 0x00000000fd800000, 0x00000000fd800000| Untracked 
|  25|0x00000000fd900000, 0x00000000fd900000, 0x00000000fda00000|  0%| F|  |TAMS 0x00000000fd900000, 0x00000000fd900000| Untracked 
|  26|0x00000000fda00000, 0x00000000fda00000, 0x00000000fdb00000|  0%| F|  |TAMS 0x00000000fda00000, 0x00000000fda00000| Untracked 
|  27|0x00000000fdb00000, 0x00000000fdb00000, 0x00000000fdc00000|  0%| F|  |TAMS 0x00000000fdb00000, 0x00000000fdb00000| Untracked 
|  28|0x00000000fdc00000, 0x00000000fdc00000, 0x00000000fdd00000|  0%| F|  |TAMS 0x00000000fdc00000, 0x00000000fdc00000| Untracked 
|  29|0x00000000fdd00000, 0x00000000fdd00000, 0x00000000fde00000|  0%| F|  |TAMS 0x00000000fdd00000, 0x00000000fdd00000| Untracked 
|  30|0x00000000fde00000, 0x00000000fde00000, 0x00000000fdf00000|  0%| F|  |TAMS 0x00000000fde00000, 0x00000000fde00000| Untracked 
|  31|0x00000000fdf00000, 0x00000000fdf00000, 0x00000000fe000000|  0%| F|  |TAMS 0x00000000fdf00000, 0x00000000fdf00000| Untracked 
|  32|0x00000000fe000000, 0x00000000fe000000, 0x00000000fe100000|  0%| F|  |TAMS 0x00000000fe000000, 0x00000000fe000000| Untracked 
|  33|0x00000000fe100000, 0x00000000fe100000, 0x00000000fe200000|  0%| F|  |TAMS 0x00000000fe100000, 0x00000000fe100000| Untracked 
|  34|0x00000000fe200000, 0x00000000fe200000, 0x00000000fe300000|  0%| F|  |TAMS 0x00000000fe200000, 0x00000000fe200000| Untracked 
|  35|0x00000000fe300000, 0x00000000fe300000, 0x00000000fe400000|  0%| F|  |TAMS 0x00000000fe300000, 0x00000000fe300000| Untracked 
|  36|0x00000000fe400000, 0x00000000fe400000, 0x00000000fe500000|  0%| F|  |TAMS 0x00000000fe400000, 0x00000000fe400000| Untracked 
|  37|0x00000000fe500000, 0x00000000fe500000, 0x00000000fe600000|  0%| F|  |TAMS 0x00000000fe500000, 0x00000000fe500000| Untracked 
|  38|0x00000000fe600000, 0x00000000fe600000, 0x00000000fe700000|  0%| F|  |TAMS 0x00000000fe600000, 0x00000000fe600000| Untracked 
|  39|0x00000000fe700000, 0x00000000fe700000, 0x00000000fe800000|  0%| F|  |TAMS 0x00000000fe700000, 0x00000000fe700000| Untracked 
|  40|0x00000000fe800000, 0x00000000fe800000, 0x00000000fe900000|  0%| F|  |TAMS 0x00000000fe800000, 0x00000000fe800000| Untracked 
|  41|0x00000000fe900000, 0x00000000fe900000, 0x00000000fea00000|  0%| F|  |TAMS 0x00000000fe900000, 0x00000000fe900000| Untracked 
|  42|0x00000000fea00000, 0x00000000fea00000, 0x00000000feb00000|  0%| F|  |TAMS 0x00000000fea00000, 0x00000000fea00000| Untracked 
|  43|0x00000000feb00000, 0x00000000feb00000, 0x00000000fec00000|  0%| F|  |TAMS 0x00000000feb00000, 0x00000000feb00000| Untracked 
|  44|0x00000000fec00000, 0x00000000fec00000, 0x00000000fed00000|  0%| F|  |TAMS 0x00000000fec00000, 0x00000000fec00000| Untracked 
|  45|0x00000000fed00000, 0x00000000fed00000, 0x00000000fee00000|  0%| F|  |TAMS 0x00000000fed00000, 0x00000000fed00000| Untracked 
|  46|0x00000000fee00000, 0x00000000fee00000, 0x00000000fef00000|  0%| F|  |TAMS 0x00000000fee00000, 0x00000000fee00000| Untracked 
|  47|0x00000000fef00000, 0x00000000fef00000, 0x00000000ff000000|  0%| F|  |TAMS 0x00000000fef00000, 0x00000000fef00000| Untracked 
|  48|0x00000000ff000000, 0x00000000ff000000, 0x00000000ff100000|  0%| F|  |TAMS 0x00000000ff000000, 0x00000000ff000000| Untracked 
|  49|0x00000000ff100000, 0x00000000ff100000, 0x00000000ff200000|  0%| F|  |TAMS 0x00000000ff100000, 0x00000000ff100000| Untracked 
|  50|0x00000000ff200000, 0x00000000ff200000, 0x00000000ff300000|  0%| F|  |TAMS 0x00000000ff200000, 0x00000000ff200000| Untracked 
|  51|0x00000000ff300000, 0x00000000ff300000, 0x00000000ff400000|  0%| F|  |TAMS 0x00000000ff300000, 0x00000000ff300000| Untracked 
|  52|0x00000000ff400000, 0x00000000ff400000, 0x00000000ff500000|  0%| F|  |TAMS 0x00000000ff400000, 0x00000000ff400000| Untracked 
|  53|0x00000000ff500000, 0x00000000ff500000, 0x00000000ff600000|  0%| F|  |TAMS 0x00000000ff500000, 0x00000000ff500000| Untracked 
|  54|0x00000000ff600000, 0x00000000ff600000, 0x00000000ff700000|  0%| F|  |TAMS 0x00000000ff600000, 0x00000000ff600000| Untracked 
|  55|0x00000000ff700000, 0x00000000ff700000, 0x00000000ff800000|  0%| F|  |TAMS 0x00000000ff700000, 0x00000000ff700000| Untracked 
|  56|0x00000000ff800000, 0x00000000ff800000, 0x00000000ff900000|  0%| F|  |TAMS 0x00000000ff800000, 0x00000000ff800000| Untracked 
|  57|0x00000000ff900000, 0x00000000ff900000, 0x00000000ffa00000|  0%| F|  |TAMS 0x00000000ff900000, 0x00000000ff900000| Untracked 
|  58|0x00000000ffa00000, 0x00000000ffa00000, 0x00000000ffb00000|  0%| F|  |TAMS 0x00000000ffa00000, 0x00000000ffa00000| Untracked 
|  59|0x00000000ffb00000, 0x00000000ffb2ba58, 0x00000000ffc00000| 17%| S|CS|TAMS 0x00000000ffb00000, 0x00000000ffb00000| Complete 
|  60|0x00000000ffc00000, 0x00000000ffd00000, 0x00000000ffd00000|100%| E|  |TAMS 0x00000000ffc00000, 0x00000000ffc00000| Complete 
|  61|0x00000000ffd00000, 0x00000000ffe00000, 0x00000000ffe00000|100%| E|CS|TAMS 0x00000000ffd00000, 0x00000000ffd00000| Complete 
|  62|0x00000000ffe00000, 0x00000000fff00000, 0x00000000fff00000|100%| E|  |TAMS 0x00000000ffe00000, 0x00000000ffe00000| Complete 
|  63|0x00000000fff00000, 0x0000000100000000, 0x0000000100000000|100%| E|CS|TAMS 0x00000000fff00000, 0x00000000fff00000| Complete 

Card table byte_map: [0x000000474e500000,0x000000474e520000] _byte_map_base: 0x000000474dd20000

Marking Bits (Prev, Next): (CMBitMap*) 0x00000047506e55a0, (CMBitMap*) 0x00000047506e55e0
 Prev Bits: [0x0000004750280000, 0x0000004750380000)
 Next Bits: [0x0000004750380000, 0x0000004750480000)

Polling page: 0x000000474e4b0000

Metaspace:

Usage:
  Non-class:      7.40 MB used.
      Class:    727.38 KB used.
       Both:      8.11 MB used.

Virtual space:
  Non-class space:        8.00 MB reserved,       7.44 MB ( 93%) committed,  1 nodes.
      Class space:        1.00 GB reserved,     832.00 KB ( <1%) committed,  1 nodes.
             Both:        1.01 GB reserved,       8.25 MB ( <1%) committed. 

Chunk freelists:
   Non-Class:  176.00 KB
       Class:  3.16 MB
        Both:  3.33 MB

MaxMetaspaceSize: unlimited
CompressedClassSpaceSize: 1.00 GB
Initial GC threshold: 21.00 MB
Current GC threshold: 21.00 MB
CDS: off
MetaspaceReclaimPolicy: balanced
 - commit_granule_bytes: 65536.
 - commit_granule_words: 8192.
 - virtual_space_node_default_size: 1048576.
 - enlarge_chunks_in_place: 1.
 - new_chunks_are_fully_committed: 0.
 - uncommit_free_chunks: 1.
 - use_allocation_guard: 0.
 - handle_deallocations: 1.


Internal statistics:

num_allocs_failed_limit: 0.
num_arena_births: 14.
num_arena_deaths: 0.
num_vsnodes_births: 2.
num_vsnodes_deaths: 0.
num_space_committed: 132.
num_space_uncommitted: 0.
num_chunks_returned_to_freelist: 0.
num_chunks_taken_from_freelist: 69.
num_chunk_merges: 0.
num_chunk_splits: 35.
num_chunks_enlarged: 26.
num_purges: 0.
num_inconsistent_stats: 0.

CodeHeap 'non-profiled nmethods': size=120064Kb used=211Kb max_used=211Kb free=119852Kb
 bounds [0x000000475f9e0000, 0x000000475fc50000, 0x0000004766f20000]
CodeHeap 'profiled nmethods': size=120000Kb used=1065Kb max_used=1065Kb free=118934Kb
 bounds [0x0000004757f20000, 0x0000004758190000, 0x000000475f450000]
CodeHeap 'non-nmethods': size=5696Kb used=1119Kb max_used=1137Kb free=4576Kb
 bounds [0x000000475f450000, 0x000000475f6c0000, 0x000000475f9e0000]
 total_blobs=1042 nmethods=638 adapters=318
 compilation: enabled
              stopped_count=0, restarted_count=0
 full_count=0

Compilation events (20 events):
Event: 4.411 Thread 0x00000047001d7660  629       3       sun.nio.fs.NativeBuffers::getNativeBufferFromCache (51 bytes)
Event: 4.412 Thread 0x00000047001d7660 nmethod 629 0x0000004758023f10 code [0x0000004758024100, 0x0000004758024708]
Event: 4.412 Thread 0x00000047001d7660  630       3       jdk.internal.misc.Unsafe::checkPrimitivePointer (19 bytes)
Event: 4.413 Thread 0x00000047001d7660 nmethod 630 0x0000004758024910 code [0x0000004758024b20, 0x0000004758025128]
Event: 4.414 Thread 0x00000047001d7660  631       3       jdk.internal.misc.Unsafe::checkPointer (19 bytes)
Event: 4.414 Thread 0x00000047001d7660 nmethod 631 0x0000004758025390 code [0x0000004758025560, 0x0000004758025908]
Event: 4.434 Thread 0x00000047001d7660  632       1       sun.nio.fs.NativeBuffer::owner (5 bytes)
Event: 4.435 Thread 0x00000047001d7660 nmethod 632 0x000000475fa14a10 code [0x000000475fa14ba0, 0x000000475fa14c78]
Event: 4.489 Thread 0x00000047001d7660  633       3       java.nio.file.attribute.FileTime::toMillis (98 bytes)
Event: 4.490 Thread 0x00000047001d7660 nmethod 633 0x0000004758025a90 code [0x0000004758025c80, 0x0000004758026148]
Event: 4.706 Thread 0x00000047001d7660  634       3       sun.net.util.URLUtil::urlNoFragString (114 bytes)
Event: 4.709 Thread 0x00000047001d7660 nmethod 634 0x0000004758026310 code [0x0000004758026640, 0x0000004758027688]
Event: 4.923 Thread 0x00000047001d7660  635       3       java.util.HashMap$HashIterator::hasNext (13 bytes)
Event: 4.923 Thread 0x00000047001d7660 nmethod 635 0x0000004758027c10 code [0x0000004758027da0, 0x0000004758027f18]
Event: 4.924 Thread 0x00000047001d7660  636       3       java.util.HashMap::containsKey (14 bytes)
Event: 4.924 Thread 0x00000047001d7660 nmethod 636 0x0000004758027f90 code [0x0000004758028140, 0x00000047580282e8]
Event: 4.929 Thread 0x00000047001d7660  637       3       jdk.internal.util.jar.JarIndex::get (49 bytes)
Event: 4.931 Thread 0x00000047001d7660 nmethod 637 0x0000004758028390 code [0x00000047580285c0, 0x0000004758028e88]
Event: 4.931 Thread 0x00000047001d7660  638       3       sun.net.util.IPAddressUtil::scan (92 bytes)
Event: 4.935 Thread 0x00000047001d7660 nmethod 638 0x0000004758029190 code [0x0000004758029400, 0x0000004758029f38]

GC Heap History (4 events):
Event: 2.627 GC heap before
{Heap before GC invocations=0 (full 0):
 garbage-first heap   total 65536K, used 6144K [0x00000000fc000000, 0x0000000100000000)
  region size 1024K, 6 young (6144K), 0 survivors (0K)
 Metaspace       used 7566K, committed 7680K, reserved 1056768K
  class space    used 655K, committed 704K, reserved 1048576K
}
Event: 2.699 GC heap after
{Heap after GC invocations=1 (full 0):
 garbage-first heap   total 65536K, used 1583K [0x00000000fc000000, 0x0000000100000000)
  region size 1024K, 1 young (1024K), 1 survivors (1024K)
 Metaspace       used 7566K, committed 7680K, reserved 1056768K
  class space    used 655K, committed 704K, reserved 1048576K
}
Event: 3.117 GC heap before
{Heap before GC invocations=1 (full 0):
 garbage-first heap   total 65536K, used 5679K [0x00000000fc000000, 0x0000000100000000)
  region size 1024K, 5 young (5120K), 1 survivors (1024K)
 Metaspace       used 7607K, committed 7680K, reserved 1056768K
  class space    used 655K, committed 704K, reserved 1048576K
}
Event: 3.123 GC heap after
{Heap after GC invocations=2 (full 0):
 garbage-first heap   total 65536K, used 1927K [0x00000000fc000000, 0x0000000100000000)
  region size 1024K, 1 young (1024K), 1 survivors (1024K)
 Metaspace       used 7607K, committed 7680K, reserved 1056768K
  class space    used 655K, committed 704K, reserved 1048576K
}

Deoptimization events (20 events):
Event: 3.504 Thread 0x00000047506c6900 DEOPT PACKING pc=0x000000475fa0066c sp=0x000000474fe6cc30
Event: 3.504 Thread 0x00000047506c6900 DEOPT UNPACKING pc=0x000000475f4a239d sp=0x000000474fe6cba8 mode 2
Event: 3.692 Thread 0x00000047506c6900 DEOPT PACKING pc=0x0000004757f5d14d sp=0x000000474fe68db0
Event: 3.693 Thread 0x00000047506c6900 DEOPT UNPACKING pc=0x000000475f4a2b24 sp=0x000000474fe68270 mode 0
Event: 3.779 Thread 0x00000047506c6900 Uncommon trap: trap_request=0xffffffde fr.pc=0x000000475fa06250 relative=0x0000000000000e50
Event: 3.779 Thread 0x00000047506c6900 Uncommon trap: reason=class_check action=maybe_recompile pc=0x000000475fa06250 method=java.util.HashMap.putVal(ILjava/lang/Object;Ljava/lang/Object;ZZ)Ljava/lang/Object; @ 91 c2
Event: 3.779 Thread 0x00000047506c6900 DEOPT PACKING pc=0x000000475fa06250 sp=0x000000474fe69450
Event: 3.779 Thread 0x00000047506c6900 DEOPT UNPACKING pc=0x000000475f4a239d sp=0x000000474fe693e0 mode 2
Event: 3.944 Thread 0x00000047506c6900 Uncommon trap: trap_request=0xffffffde fr.pc=0x000000475fa06250 relative=0x0000000000000e50
Event: 3.944 Thread 0x00000047506c6900 Uncommon trap: reason=class_check action=maybe_recompile pc=0x000000475fa06250 method=java.util.HashMap.putVal(ILjava/lang/Object;Ljava/lang/Object;ZZ)Ljava/lang/Object; @ 91 c2
Event: 3.944 Thread 0x00000047506c6900 DEOPT PACKING pc=0x000000475fa06250 sp=0x000000474fe69450
Event: 3.945 Thread 0x00000047506c6900 DEOPT UNPACKING pc=0x000000475f4a239d sp=0x000000474fe693e0 mode 2
Event: 3.957 Thread 0x00000047506c6900 Uncommon trap: trap_request=0xffffffde fr.pc=0x000000475fa062ac relative=0x0000000000000eac
Event: 3.957 Thread 0x00000047506c6900 Uncommon trap: reason=class_check action=maybe_recompile pc=0x000000475fa062ac method=java.util.HashMap.putVal(ILjava/lang/Object;Ljava/lang/Object;ZZ)Ljava/lang/Object; @ 203 c2
Event: 3.957 Thread 0x00000047506c6900 DEOPT PACKING pc=0x000000475fa062ac sp=0x000000474fe69450
Event: 3.957 Thread 0x00000047506c6900 DEOPT UNPACKING pc=0x000000475f4a239d sp=0x000000474fe693e0 mode 2
Event: 3.961 Thread 0x00000047506c6900 Uncommon trap: trap_request=0xffffffde fr.pc=0x000000475fa06250 relative=0x0000000000000e50
Event: 3.961 Thread 0x00000047506c6900 Uncommon trap: reason=class_check action=maybe_recompile pc=0x000000475fa06250 method=java.util.HashMap.putVal(ILjava/lang/Object;Ljava/lang/Object;ZZ)Ljava/lang/Object; @ 91 c2
Event: 3.961 Thread 0x00000047506c6900 DEOPT PACKING pc=0x000000475fa06250 sp=0x000000474fe69450
Event: 3.961 Thread 0x00000047506c6900 DEOPT UNPACKING pc=0x000000475f4a239d sp=0x000000474fe693e0 mode 2

Classes unloaded (0 events):
No events

Classes redefined (0 events):
No events

Internal exceptions (3 events):
Event: 1.993 Thread 0x00000047506c6900 Exception <a 'java/lang/NoSuchMethodError'{0x00000000ffc12568}: 'int java.lang.invoke.DirectMethodHandle$Holder.invokeStaticInit(java.lang.Object, java.lang.Object)'> (0x00000000ffc12568) 
thrown [s\open\src\hotspot\share\interpreter\linkResolver.cpp, line 759]
Event: 4.768 Thread 0x00000047506c6900 Exception <a 'java/lang/OutOfMemoryError'{0x00000000ffce32d0}> (0x00000000ffce32d0) 
thrown [s\open\src\hotspot\share\prims\jni.cpp, line 535]
Event: 4.925 Thread 0x00000047506c6900 Exception <a 'java/lang/OutOfMemoryError'{0x00000000ffce32d0}> (0x00000000ffce32d0) 
thrown [s\open\src\hotspot\share\oops\instanceKlass.cpp, line 1216]

VM Operations (10 events):
Event: 0.951 Executing VM operation: HandshakeAllThreads
Event: 0.952 Executing VM operation: HandshakeAllThreads done
Event: 1.952 Executing VM operation: Cleanup
Event: 1.953 Executing VM operation: Cleanup done
Event: 2.627 Executing VM operation: G1CollectForAllocation
Event: 2.699 Executing VM operation: G1CollectForAllocation done
Event: 3.117 Executing VM operation: G1CollectForAllocation
Event: 3.123 Executing VM operation: G1CollectForAllocation done
Event: 4.123 Executing VM operation: Cleanup
Event: 4.127 Executing VM operation: Cleanup done

Events (20 events):
Event: 4.256 loading class java/util/Collections$EmptyEnumeration
Event: 4.257 loading class java/util/Collections$EmptyEnumeration done
Event: 4.257 loading class jdk/internal/loader/BuiltinClassLoader$1
Event: 4.257 loading class jdk/internal/loader/BuiltinClassLoader$1 done
Event: 4.258 loading class java/lang/CompoundEnumeration
Event: 4.258 loading class java/lang/CompoundEnumeration done
Event: 4.259 loading class jdk/internal/loader/URLClassPath$1
Event: 4.259 loading class jdk/internal/loader/URLClassPath$1 done
Event: 4.259 loading class java/net/URLClassLoader$3
Event: 4.259 loading class java/net/URLClassLoader$3 done
Event: 4.260 loading class java/net/URLClassLoader$3$1
Event: 4.260 loading class java/net/URLClassLoader$3$1 done
Event: 4.768 loading class java/util/zip/DataFormatException
Event: 4.843 loading class java/util/zip/DataFormatException done
Event: 4.843 loading class java/security/PrivilegedActionException
Event: 4.844 loading class java/security/PrivilegedActionException done
Event: 4.845 loading class java/lang/StackTraceElement$HashedModules
Event: 4.922 loading class java/lang/StackTraceElement$HashedModules done
Event: 4.925 loading class java/lang/ExceptionInInitializerError
Event: 4.925 loading class java/lang/ExceptionInInitializerError done


Dynamic libraries:
0x00007ff789640000 - 0x00007ff789650000 	C:\Users\User\Downloads\jdk-17_windows-x64_bin\jdk-17.0.7\bin\java.exe
0x00007ff86e4e0000 - 0x00007ff86e68d000 	C:\Windows\SYSTEM32\ntdll.dll
0x00007ff86e180000 - 0x00007ff86e2be000 	C:\Windows\system32\KERNEL32.DLL
0x00007ff86ba40000 - 0x00007ff86bb56000 	C:\Windows\system32\KERNELBASE.dll
0x00007ff85b430000 - 0x00007ff85b449000 	C:\Users\User\Downloads\jdk-17_windows-x64_bin\jdk-17.0.7\bin\jli.dll
0x00007ff8537d0000 - 0x00007ff8537eb000 	C:\Users\User\Downloads\jdk-17_windows-x64_bin\jdk-17.0.7\bin\VCRUNTIME140.dll
0x00007ff85c7a0000 - 0x00007ff85c7a4000 	C:\Users\User\Downloads\jdk-17_windows-x64_bin\jdk-17.0.7\bin\api-ms-win-crt-stdio-l1-1-0.dll
0x00007ff85b4f0000 - 0x00007ff85b4f4000 	C:\Users\User\Downloads\jdk-17_windows-x64_bin\jdk-17.0.7\bin\api-ms-win-crt-runtime-l1-1-0.dll
0x00007ff8533c0000 - 0x00007ff8533c3000 	C:\Users\User\Downloads\jdk-17_windows-x64_bin\jdk-17.0.7\bin\api-ms-win-crt-environment-l1-1-0.dll
0x00007ff853100000 - 0x00007ff853105000 	C:\Users\User\Downloads\jdk-17_windows-x64_bin\jdk-17.0.7\bin\api-ms-win-crt-math-l1-1-0.dll
0x00007ff852fa0000 - 0x00007ff852fa3000 	C:\Users\User\Downloads\jdk-17_windows-x64_bin\jdk-17.0.7\bin\api-ms-win-crt-locale-l1-1-0.dll
0x00007ff852d20000 - 0x00007ff852d23000 	C:\Users\User\Downloads\jdk-17_windows-x64_bin\jdk-17.0.7\bin\api-ms-win-crt-heap-l1-1-0.dll
0x00007ff86d660000 - 0x00007ff86d70a000 	C:\Windows\system32\ADVAPI32.dll
0x00007ff8696f0000 - 0x00007ff86996b000 	C:\Windows\WinSxS\amd64_microsoft.windows.common-controls_6595b64144ccf1df_6.0.9600.18006_none_623f33d3ecbe86e8\COMCTL32.dll
0x00007ff86e000000 - 0x00007ff86e177000 	C:\Windows\system32\USER32.dll
0x00007ff869000000 - 0x00007ff86900a000 	C:\Windows\SYSTEM32\VERSION.dll
0x00007ff852cc0000 - 0x00007ff852cc3000 	C:\Users\User\Downloads\jdk-17_windows-x64_bin\jdk-17.0.7\bin\api-ms-win-crt-filesystem-l1-1-0.dll
0x00007ff852cb0000 - 0x00007ff852cb4000 	C:\Users\User\Downloads\jdk-17_windows-x64_bin\jdk-17.0.7\bin\api-ms-win-crt-string-l1-1-0.dll
0x00007ff852ca0000 - 0x00007ff852ca4000 	C:\Users\User\Downloads\jdk-17_windows-x64_bin\jdk-17.0.7\bin\api-ms-win-crt-convert-l1-1-0.dll
0x00007ff86dd80000 - 0x00007ff86de2a000 	C:\Windows\system32\msvcrt.dll
0x00007ff86bcb0000 - 0x00007ff86bd09000 	C:\Windows\SYSTEM32\sechost.dll
0x00007ff86d770000 - 0x00007ff86d8b0000 	C:\Windows\system32\RPCRT4.dll
0x00007ff86bd10000 - 0x00007ff86be5c000 	C:\Windows\system32\GDI32.dll
0x00007ff84e220000 - 0x00007ff84e320000 	C:\Users\User\Downloads\jdk-17_windows-x64_bin\jdk-17.0.7\bin\ucrtbase.DLL
0x00007ff86b6d0000 - 0x00007ff86b6fe000 	C:\Windows\system32\SspiCli.dll
0x00007ff86be60000 - 0x00007ff86be96000 	C:\Windows\system32\IMM32.DLL
0x00007ff86dbb0000 - 0x00007ff86dd01000 	C:\Windows\system32\MSCTF.dll
0x00007ff852b50000 - 0x00007ff852b5c000 	C:\Users\User\Downloads\jdk-17_windows-x64_bin\jdk-17.0.7\bin\vcruntime140_1.dll
0x00007ff84e360000 - 0x00007ff84e3ee000 	C:\Users\User\Downloads\jdk-17_windows-x64_bin\jdk-17.0.7\bin\msvcp140.dll
0x00007ff852b40000 - 0x00007ff852b43000 	C:\Users\User\Downloads\jdk-17_windows-x64_bin\jdk-17.0.7\bin\api-ms-win-crt-time-l1-1-0.dll
0x00007ff8508c0000 - 0x00007ff8508c3000 	C:\Users\User\Downloads\jdk-17_windows-x64_bin\jdk-17.0.7\bin\api-ms-win-crt-utility-l1-1-0.dll
0x00007ff838b60000 - 0x00007ff83973d000 	C:\Users\User\Downloads\jdk-17_windows-x64_bin\jdk-17.0.7\bin\server\jvm.dll
0x00007ff850890000 - 0x00007ff850899000 	C:\Windows\SYSTEM32\WSOCK32.dll
0x00007ff85d840000 - 0x00007ff85d862000 	C:\Windows\SYSTEM32\WINMM.dll
0x00007ff86de30000 - 0x00007ff86de37000 	C:\Windows\system32\PSAPI.DLL
0x00007ff86d8b0000 - 0x00007ff86d90a000 	C:\Windows\system32\WS2_32.dll
0x00007ff85d000000 - 0x00007ff85d02a000 	C:\Windows\SYSTEM32\WINMMBASE.dll
0x00007ff86bb60000 - 0x00007ff86bb69000 	C:\Windows\system32\NSI.dll
0x00007ff86b940000 - 0x00007ff86b98f000 	C:\Windows\SYSTEM32\cfgmgr32.dll
0x00007ff86a420000 - 0x00007ff86a448000 	C:\Windows\SYSTEM32\DEVOBJ.dll
0x00007ff8508b0000 - 0x00007ff8508ba000 	C:\Users\User\Downloads\jdk-17_windows-x64_bin\jdk-17.0.7\bin\jimage.dll
0x00007ff85d4e0000 - 0x00007ff85d669000 	C:\Windows\SYSTEM32\DBGHELP.DLL
0x00007ff84fe10000 - 0x00007ff84fe35000 	C:\Users\User\Downloads\jdk-17_windows-x64_bin\jdk-17.0.7\bin\java.dll
0x00007ff84e140000 - 0x00007ff84e217000 	C:\Users\User\Downloads\jdk-17_windows-x64_bin\jdk-17.0.7\bin\jsvml.dll
0x00007ff86bea0000 - 0x00007ff86d3cb000 	C:\Windows\system32\SHELL32.dll
0x00007ff86e2c0000 - 0x00007ff86e4d2000 	C:\Windows\SYSTEM32\combase.dll
0x00007ff86dd20000 - 0x00007ff86dd74000 	C:\Windows\system32\SHLWAPI.dll
0x00007ff869b90000 - 0x00007ff869c42000 	C:\Windows\SYSTEM32\SHCORE.dll
0x00007ff86b5c0000 - 0x00007ff86b5d5000 	C:\Windows\SYSTEM32\profapi.dll
0x00007ff84fdf0000 - 0x00007ff84fe09000 	C:\Users\User\Downloads\jdk-17_windows-x64_bin\jdk-17.0.7\bin\net.dll
0x00007ff85e4f0000 - 0x00007ff85e5b7000 	C:\Windows\SYSTEM32\WINHTTP.dll
0x00007ff86ae90000 - 0x00007ff86aee9000 	C:\Windows\system32\mswsock.dll
0x00007ff84fd30000 - 0x00007ff84fd46000 	C:\Users\User\Downloads\jdk-17_windows-x64_bin\jdk-17.0.7\bin\nio.dll
0x00007ff84fd10000 - 0x00007ff84fd28000 	C:\Users\User\Downloads\jdk-17_windows-x64_bin\jdk-17.0.7\bin\zip.dll
0x00007ff85d670000 - 0x00007ff85d680000 	C:\Users\User\Downloads\jdk-17_windows-x64_bin\jdk-17.0.7\bin\verify.dll

dbghelp: loaded successfully - version: 4.0.5 - missing functions: none
symbol engine: initialized successfully - sym options: 0x614 - pdb path: .;C:\Users\User\Downloads\jdk-17_windows-x64_bin\jdk-17.0.7\bin;C:\Windows\SYSTEM32;C:\Windows\WinSxS\amd64_microsoft.windows.common-controls_6595b64144ccf1df_6.0.9600.18006_none_623f33d3ecbe86e8;C:\Users\User\Downloads\jdk-17_windows-x64_bin\jdk-17.0.7\bin\server

VM Arguments:
jvm_args: -Xmx64m -Xms64m -Dorg.gradle.appname=gradlew 
java_command: org.gradle.wrapper.GradleWrapperMain run
java_class_path (initial): D:\projek\Foodiego-App\AplikasiShop\\gradle\wrapper\gradle-wrapper.jar
Launcher Type: SUN_STANDARD

[Global flags]
     intx CICompilerCount                          = 2                                         {product} {ergonomic}
     uint ConcGCThreads                            = 1                                         {product} {ergonomic}
     uint G1ConcRefinementThreads                  = 2                                         {product} {ergonomic}
   size_t G1HeapRegionSize                         = 1048576                                   {product} {ergonomic}
    uintx GCDrainStackTargetSize                   = 64                                        {product} {ergonomic}
   size_t InitialHeapSize                          = 67108864                                  {product} {command line}
   size_t MarkStackSize                            = 4194304                                   {product} {ergonomic}
   size_t MaxHeapSize                              = 67108864                                  {product} {command line}
   size_t MaxNewSize                               = 39845888                                  {product} {ergonomic}
   size_t MinHeapDeltaBytes                        = 1048576                                   {product} {ergonomic}
   size_t MinHeapSize                              = 67108864                                  {product} {command line}
    uintx NonNMethodCodeHeapSize                   = 5826188                                {pd product} {ergonomic}
    uintx NonProfiledCodeHeapSize                  = 122916026                              {pd product} {ergonomic}
    uintx ProfiledCodeHeapSize                     = 122916026                              {pd product} {ergonomic}
    uintx ReservedCodeCacheSize                    = 251658240                              {pd product} {ergonomic}
     bool SegmentedCodeCache                       = true                                      {product} {ergonomic}
   size_t SoftMaxHeapSize                          = 67108864                               {manageable} {ergonomic}
     bool UseCompressedClassPointers               = true                           {product lp64_product} {ergonomic}
     bool UseCompressedOops                        = true                           {product lp64_product} {ergonomic}
     bool UseG1GC                                  = true                                      {product} {ergonomic}
     bool UseLargePagesIndividualAllocation        = false                                  {pd product} {ergonomic}

Logging:
Log output configuration:
 #0: stdout all=warning uptime,level,tags
 #1: stderr all=off uptime,level,tags

Environment Variables:
JAVA_HOME=C:\Users\User\Downloads\jdk-17_windows-x64_bin\jdk-17.0.7
CLASSPATH=D:\projek\Foodiego-App\AplikasiShop\\gradle\wrapper\gradle-wrapper.jar
PATH=C:\Program Files\Common Files\Oracle\Java\javapath;C:\Windows\system32;C:\Windows;C:\Windows\System32\Wbem;C:\Windows\System32\WindowsPowerShell\v1.0\;C:\Program Files\Acer\Remote Files\;C:\Program Files (x86)\ATI Technologies\ATI.ACE\Core-Static;C:\Program Files\Git\cmd;C:\Gradel\gradle-8.1.1-bin\gradle-8.1.1\bin;C:\Users\User\AppData\Local\Programs\Python\Python311\Scripts\;C:\Users\User\AppData\Local\Programs\Python\Python311\;C:\Users\User\AppData\Local\Programs\Microsoft VS Code\bin
USERNAME=User
LANG=en_US.UTF-8
OS=Windows_NT
PROCESSOR_IDENTIFIER=AMD64 Family 20 Model 2 Stepping 0, AuthenticAMD



---------------  S Y S T E M  ---------------

OS:
 Windows 8.1 , 64 bit Build 9600 (6.3.9600.17415)
OS uptime: 6 days 17:25 hours

CPU: total 2 (initial active 2) (2 cores per cpu, 1 threads per core) family 20 model 2 stepping 0 microcode 0x5000119, cx8, cmov, fxsr, mmx, 3dnowpref, sse, sse2, sse3, ssse3, sse4a, popcnt, lzcnt, tsc, tscinvbit, clflush

Memory: 4k page, system-wide physical 3670M (912M free)
TotalPageFile size 4694M (AvailPageFile size 4M)
current process WorkingSet (physical memory assigned to process): 43M, peak: 43M
current process commit charge ("private bytes"): 133M, peak: 134M

vm_info: Java HotSpot(TM) 64-Bit Server VM (17.0.7+8-LTS-224) for windows-amd64 JRE (17.0.7+8-LTS-224), built on Feb 28 2023 23:03:02 by "mach5one" with MS VC++ 17.1 (VS2022)

END.
